# JRE version: Java(TM) SE Runtime Environment (8.0_171-b11) (build 1.8.0_171-b11)
# Java VM: Java HotSpot(TM) 64-Bit Server VM (25.171-b11 mixed mode windows-amd64 compressed oops)
Heap:
 PSYoungGen      total 336384K, used 168061K [0x00000000e0000000, 0x00000000f6600000, 0x0000000100000000)
  eden space 306176K, 47% used [0x00000000e0000000,0x00000000e8f40f90,0x00000000f2b00000)
  from space 30208K, 70% used [0x00000000f4880000,0x00000000f5d5e868,0x00000000f6600000)
  to   space 30208K, 0% used [0x00000000f2b00000,0x00000000f2b00000,0x00000000f4880000)
 ParOldGen       total 152064K, used 84437K [0x00000000a0000000, 0x00000000a9480000, 0x00000000e0000000)
  object space 152064K, 55% used [0x00000000a0000000,0x00000000a5275608,0x00000000a9480000)
 Metaspace       used 110062K, capacity 115734K, committed 116096K, reserved 1150976K
  class space    used 14266K, capacity 15348K, committed 15488K, reserved 1048576K
GC Heap History (10 events):
Event: 1601.377 GC heap before
{Heap before GC invocations=50 (full 4):
 PSYoungGen      total 336384K, used 317390K [0x00000000e0000000, 0x00000000f6600000, 0x0000000100000000)
  eden space 306176K, 100% used [0x00000000e0000000,0x00000000f2b00000,0x00000000f2b00000)
  from space 30208K, 37% used [0x00000000f2b00000,0x00000000f35f3840,0x00000000f4880000)
  to   space 30208K, 0% used [0x00000000f4880000,0x00000000f4880000,0x00000000f6600000)
 ParOldGen       total 152064K, used 80393K [0x00000000a0000000, 0x00000000a9480000, 0x00000000e0000000)
  object space 152064K, 52% used [0x00000000a0000000,0x00000000a4e824c8,0x00000000a9480000)
 Metaspace       used 110015K, capacity 115638K, committed 115712K, reserved 1148928K
  class space    used 14265K, capacity 15316K, committed 15360K, reserved 1048576K
Event: 1601.470 GC heap after
Heap after GC invocations=50 (full 4):
 PSYoungGen      total 336384K, used 12015K [0x00000000e0000000, 0x00000000f6600000, 0x0000000100000000)
  eden space 306176K, 0% used [0x00000000e0000000,0x00000000e0000000,0x00000000f2b00000)
  from space 30208K, 39% used [0x00000000f4880000,0x00000000f543bd40,0x00000000f6600000)
  to   space 30208K, 0% used [0x00000000f2b00000,0x00000000f2b00000,0x00000000f4880000)
 ParOldGen       total 152064K, used 82869K [0x00000000a0000000, 0x00000000a9480000, 0x00000000e0000000)
  object space 152064K, 54% used [0x00000000a0000000,0x00000000a50ed460,0x00000000a9480000)
 Metaspace       used 110015K, capacity 115638K, committed 115712K, reserved 1148928K
  class space    used 14265K, capacity 15316K, committed 15360K, reserved 1048576K
}
Event: 1605.520 GC heap before
{Heap before GC invocations=51 (full 4):
 PSYoungGen      total 336384K, used 318191K [0x00000000e0000000, 0x00000000f6600000, 0x0000000100000000)
  eden space 306176K, 100% used [0x00000000e0000000,0x00000000f2b00000,0x00000000f2b00000)
  from space 30208K, 39% used [0x00000000f4880000,0x00000000f543bd40,0x00000000f6600000)
  to   space 30208K, 0% used [0x00000000f2b00000,0x00000000f2b00000,0x00000000f4880000)
 ParOldGen       total 152064K, used 83309K [0x00000000a0000000, 0x00000000a9480000, 0x00000000e0000000)
  object space 152064K, 54% used [0x00000000a0000000,0x00000000a515b400,0x00000000a9480000)
 Metaspace       used 110027K, capacity 115638K, committed 115712K, reserved 1148928K
  class space    used 14265K, capacity 15316K, committed 15360K, reserved 1048576K
Event: 1605.563 GC heap after
Heap after GC invocations=51 (full 4):
 PSYoungGen      total 336384K, used 10975K [0x00000000e0000000, 0x00000000f6600000, 0x0000000100000000)
  eden space 306176K, 0% used [0x00000000e0000000,0x00000000e0000000,0x00000000f2b00000)
  from space 30208K, 36% used [0x00000000f2b00000,0x00000000f35b7e48,0x00000000f4880000)
  to   space 30208K, 0% used [0x00000000f4880000,0x00000000f4880000,0x00000000f6600000)
 ParOldGen       total 152064K, used 83357K [0x00000000a0000000, 0x00000000a9480000, 0x00000000e0000000)
  object space 152064K, 54% used [0x00000000a0000000,0x00000000a5167400,0x00000000a9480000)
 Metaspace       used 110027K, capacity 115638K, committed 115712K, reserved 1148928K
  class space    used 14265K, capacity 15316K, committed 15360K, reserved 1048576K
}
Event: 1610.772 GC heap before
{Heap before GC invocations=52 (full 4):
 PSYoungGen      total 336384K, used 317151K [0x00000000e0000000, 0x00000000f6600000, 0x0000000100000000)
  eden space 306176K, 100% used [0x00000000e0000000,0x00000000f2b00000,0x00000000f2b00000)
  from space 30208K, 36% used [0x00000000f2b00000,0x00000000f35b7e48,0x00000000f4880000)
  to   space 30208K, 0% used [0x00000000f4880000,0x00000000f4880000,0x00000000f6600000)
 ParOldGen       total 152064K, used 83358K [0x00000000a0000000, 0x00000000a9480000, 0x00000000e0000000)
  object space 152064K, 54% used [0x00000000a0000000,0x00000000a5167bd8,0x00000000a9480000)
 Metaspace       used 110041K, capacity 115702K, committed 115968K, reserved 1150976K
  class space    used 14265K, capacity 15316K, committed 15360K, reserved 1048576K
Event: 1610.903 GC heap after
Heap after GC invocations=52 (full 4):
 PSYoungGen      total 336384K, used 20523K [0x00000000e0000000, 0x00000000f6600000, 0x0000000100000000)
  eden space 306176K, 0% used [0x00000000e0000000,0x00000000e0000000,0x00000000f2b00000)
  from space 30208K, 67% used [0x00000000f4880000,0x00000000f5c8ac20,0x00000000f6600000)
  to   space 30208K, 0% used [0x00000000f2b00000,0x00000000f2b00000,0x00000000f4880000)
 ParOldGen       total 152064K, used 83382K [0x00000000a0000000, 0x00000000a9480000, 0x00000000e0000000)
  object space 152064K, 54% used [0x00000000a0000000,0x00000000a516dbd8,0x00000000a9480000)
 Metaspace       used 110041K, capacity 115702K, committed 115968K, reserved 1150976K
  class space    used 14265K, capacity 15316K, committed 15360K, reserved 1048576K
}
Event: 1616.083 GC heap before
{Heap before GC invocations=53 (full 4):
 PSYoungGen      total 336384K, used 326699K [0x00000000e0000000, 0x00000000f6600000, 0x0000000100000000)
  eden space 306176K, 100% used [0x00000000e0000000,0x00000000f2b00000,0x00000000f2b00000)
  from space 30208K, 67% used [0x00000000f4880000,0x00000000f5c8ac20,0x00000000f6600000)
  to   space 30208K, 0% used [0x00000000f2b00000,0x00000000f2b00000,0x00000000f4880000)
 ParOldGen       total 152064K, used 83382K [0x00000000a0000000, 0x00000000a9480000, 0x00000000e0000000)
  object space 152064K, 54% used [0x00000000a0000000,0x00000000a516dbd8,0x00000000a9480000)
 Metaspace       used 110051K, capacity 115734K, committed 116096K, reserved 1150976K
  class space    used 14266K, capacity 15348K, committed 15488K, reserved 1048576K
Event: 1616.189 GC heap after
Heap after GC invocations=53 (full 4):
 PSYoungGen      total 336384K, used 21629K [0x00000000e0000000, 0x00000000f6600000, 0x0000000100000000)
  eden space 306176K, 0% used [0x00000000e0000000,0x00000000e0000000,0x00000000f2b00000)
  from space 30208K, 71% used [0x00000000f2b00000,0x00000000f401f710,0x00000000f4880000)
  to   space 30208K, 0% used [0x00000000f4880000,0x00000000f4880000,0x00000000f6600000)
 ParOldGen       total 152064K, used 83414K [0x00000000a0000000, 0x00000000a9480000, 0x00000000e0000000)
  object space 152064K, 54% used [0x00000000a0000000,0x00000000a5175bd8,0x00000000a9480000)
 Metaspace       used 110051K, capacity 115734K, committed 116096K, reserved 1150976K
  class space    used 14266K, capacity 15348K, committed 15488K, reserved 1048576K
}
Event: 1620.744 GC heap before
{Heap before GC invocations=54 (full 4):
 PSYoungGen      total 336384K, used 327805K [0x00000000e0000000, 0x00000000f6600000, 0x0000000100000000)
  eden space 306176K, 100% used [0x00000000e0000000,0x00000000f2b00000,0x00000000f2b00000)
  from space 30208K, 71% used [0x00000000f2b00000,0x00000000f401f710,0x00000000f4880000)
  to   space 30208K, 0% used [0x00000000f4880000,0x00000000f4880000,0x00000000f6600000)
 ParOldGen       total 152064K, used 83414K [0x00000000a0000000, 0x00000000a9480000, 0x00000000e0000000)
  object space 152064K, 54% used [0x00000000a0000000,0x00000000a5175bd8,0x00000000a9480000)
 Metaspace       used 110061K, capacity 115734K, committed 116096K, reserved 1150976K
  class space    used 14266K, capacity 15348K, committed 15488K, reserved 1048576K
Event: 1620.857 GC heap after
Heap after GC invocations=54 (full 4):
 PSYoungGen      total 336384K, used 21370K [0x00000000e0000000, 0x00000000f6600000, 0x0000000100000000)
  eden space 306176K, 0% used [0x00000000e0000000,0x00000000e0000000,0x00000000f2b00000)
  from space 30208K, 70% used [0x00000000f4880000,0x00000000f5d5e868,0x00000000f6600000)
  to   space 30208K, 0% used [0x00000000f2b00000,0x00000000f2b00000,0x00000000f4880000)
 ParOldGen       total 152064K, used 84437K [0x00000000a0000000, 0x00000000a9480000, 0x00000000e0000000)
  object space 152064K, 55% used [0x00000000a0000000,0x00000000a5275608,0x00000000a9480000)
 Metaspace       used 110061K, capacity 115734K, committed 116096K, reserved 1150976K
  class space    used 14266K, capacity 15348K, committed 15488K, reserved 1048576K
}

